2024-09-17 15:28:58 INFO  org.testng.internal.Utils - [TestNG] Running:
  C:\Users\mdyea\OneDrive\Desktop\Eclipse\OpencartV121\master.xml

2024-09-17 15:30:39 INFO  org.testng.internal.Utils - [TestNG] Running:
  C:\Users\mdyea\OneDrive\Desktop\Eclipse\OpencartV121\master.xml

2024-09-17 15:50:49 INFO  org.testng.internal.Utils - [TestNG] Running:
  C:\Users\mdyea\OneDrive\Desktop\Eclipse\OpencartV121\master.xml

2024-09-17 21:48:36 INFO  org.testng.internal.Utils - [TestNG] Running:
  C:\Users\mdyea\OneDrive\Desktop\Eclipse\OpencartV121\testng.xml

2024-09-17 21:52:45 INFO  org.testng.internal.Utils - [TestNG] Running:
  C:\Users\mdyea\OneDrive\Desktop\Eclipse\OpencartV121\testng.xml

2024-09-17 21:52:51 INFO  testCases.TC001_AccountRegistrationTest - ***Starting TC001 AccountRegistrationTest ***
2024-09-17 21:52:51 INFO  testCases.TC001_AccountRegistrationTest - Clicked on MyAccount link
2024-09-17 21:52:52 INFO  testCases.TC001_AccountRegistrationTest - Clicked on Register link
2024-09-17 21:52:54 INFO  testCases.TC001_AccountRegistrationTest - validating expecting message
2024-09-17 21:52:54 INFO  testCases.TC001_AccountRegistrationTest - ******TC001 Account Registratin Test FInished
2024-09-17 21:53:38 INFO  org.testng.internal.Utils - [TestNG] Running:
  C:\Users\mdyea\OneDrive\Desktop\Eclipse\OpencartV121\testng.xml

2024-09-17 21:53:45 INFO  testCases.TC002_AccountLoginTest - ..........Starting TC_002 LoginTest.......
2024-09-17 21:53:47 INFO  testCases.TC002_AccountLoginTest - .........Finished TC_002 LoginTest
2024-09-17 21:54:16 INFO  org.testng.internal.Utils - [TestNG] Running:
  C:\Users\mdyea\OneDrive\Desktop\Eclipse\OpencartV121\testng.xml

2024-09-17 21:55:29 INFO  org.testng.internal.Utils - [TestNG] Running:
  C:\Users\mdyea\OneDrive\Desktop\Eclipse\OpencartV121\testng.xml

2024-09-17 22:11:18 INFO  org.testng.internal.Utils - [TestNG] Running:
  C:\Users\mdyea\OneDrive\Desktop\Eclipse\OpencartV121\testng.xml

2024-09-17 22:27:57 INFO  org.testng.internal.Utils - [TestNG] Running:
  C:\Users\mdyea\OneDrive\Desktop\Eclipse\OpencartV121\testng.xml

2024-09-17 22:29:27 INFO  org.testng.internal.Utils - [TestNG] Running:
  C:\Users\mdyea\OneDrive\Desktop\Eclipse\OpencartV121\crossbrowsertesting.xml

2024-09-17 22:29:32 INFO  testCases.TC001_AccountRegistrationTest - ***Starting TC001 AccountRegistrationTest ***
2024-09-17 22:29:32 INFO  testCases.TC001_AccountRegistrationTest - Clicked on MyAccount link
2024-09-17 22:29:32 INFO  testCases.TC001_AccountRegistrationTest - ***Starting TC001 AccountRegistrationTest ***
2024-09-17 22:29:32 INFO  testCases.TC001_AccountRegistrationTest - Clicked on MyAccount link
2024-09-17 22:29:32 INFO  testCases.TC001_AccountRegistrationTest - Clicked on Register link
2024-09-17 22:29:33 INFO  testCases.TC001_AccountRegistrationTest - Clicked on Register link
2024-09-17 22:29:34 INFO  testCases.TC001_AccountRegistrationTest - validating expecting message
2024-09-17 22:29:34 INFO  testCases.TC001_AccountRegistrationTest - ******TC001 Account Registratin Test FInished
2024-09-17 22:29:34 INFO  testCases.TC001_AccountRegistrationTest - validating expecting message
2024-09-17 22:29:34 INFO  testCases.TC001_AccountRegistrationTest - ******TC001 Account Registratin Test FInished
2024-09-17 22:30:31 INFO  org.testng.internal.Utils - [TestNG] Running:
  C:\Users\mdyea\OneDrive\Desktop\Eclipse\OpencartV121\testng.xml

2024-09-17 22:38:30 INFO  org.testng.internal.Utils - [TestNG] Running:
  C:\Users\mdyea\OneDrive\Desktop\Eclipse\OpencartV121\testng.xml

2024-09-17 22:40:13 INFO  org.testng.internal.Utils - [TestNG] Running:
  C:\Users\mdyea\OneDrive\Desktop\Eclipse\OpencartV121\testng.xml

2024-09-17 22:42:40 INFO  org.testng.internal.Utils - [TestNG] Running:
  C:\Users\mdyea\OneDrive\Desktop\Eclipse\OpencartV121\testng.xml

2024-09-17 22:42:57 INFO  org.testng.internal.Utils - [TestNG] Running:
  C:\Users\mdyea\OneDrive\Desktop\Eclipse\OpencartV121\testng.xml

2024-09-17 22:44:48 INFO  org.testng.internal.Utils - [TestNG] Running:
  C:\Users\mdyea\OneDrive\Desktop\Eclipse\OpencartV121\testng.xml

2024-09-17 22:46:17 INFO  org.testng.internal.Utils - [TestNG] Running:
  C:\Users\mdyea\OneDrive\Desktop\Eclipse\OpencartV121\testng.xml

2024-09-17 22:49:10 INFO  org.testng.internal.Utils - [TestNG] Running:
  C:\Users\mdyea\OneDrive\Desktop\Eclipse\OpencartV121\testng.xml

2024-09-18 08:01:32 INFO  org.testng.internal.Utils - [TestNG] Running:
  C:\Users\mdyea\OneDrive\Desktop\Eclipse\OpencartV121\testng.xml

2024-09-18 08:01:39 INFO  testCases.TC003_LoginDDT - Starting TC_003 LoginDDT
2024-09-18 08:01:51 INFO  testCases.TC003_LoginDDT - Starting TC_003 LoginDDT
2024-09-18 08:02:03 INFO  testCases.TC003_LoginDDT - Finished TC_003 LoginDDT
2024-09-18 08:02:03 INFO  testCases.TC003_LoginDDT - Starting TC_003 LoginDDT
2024-09-18 08:02:15 INFO  testCases.TC003_LoginDDT - Finished TC_003 LoginDDT
2024-09-18 08:02:15 INFO  testCases.TC003_LoginDDT - Starting TC_003 LoginDDT
2024-09-18 08:02:28 INFO  testCases.TC003_LoginDDT - Finished TC_003 LoginDDT
2024-09-18 08:02:28 INFO  testCases.TC003_LoginDDT - Starting TC_003 LoginDDT
2024-09-18 08:03:52 INFO  org.testng.internal.Utils - [TestNG] Running:
  C:\Users\mdyea\OneDrive\Desktop\Eclipse\OpencartV121\testng.xml

2024-09-18 08:03:59 INFO  testCases.TC003_LoginDDT - Starting TC_003 LoginDDT
2024-09-18 08:04:03 INFO  testCases.TC003_LoginDDT - Finished TC_003 LoginDDT
2024-09-18 08:04:03 INFO  testCases.TC003_LoginDDT - Starting TC_003 LoginDDT
2024-09-18 08:04:15 INFO  testCases.TC003_LoginDDT - Finished TC_003 LoginDDT
2024-09-18 08:04:15 INFO  testCases.TC003_LoginDDT - Starting TC_003 LoginDDT
2024-09-18 08:04:28 INFO  testCases.TC003_LoginDDT - Finished TC_003 LoginDDT
2024-09-18 08:04:28 INFO  testCases.TC003_LoginDDT - Starting TC_003 LoginDDT
2024-09-18 08:04:40 INFO  testCases.TC003_LoginDDT - Finished TC_003 LoginDDT
2024-09-18 08:04:40 INFO  testCases.TC003_LoginDDT - Starting TC_003 LoginDDT
2024-09-18 08:04:44 INFO  testCases.TC003_LoginDDT - Finished TC_003 LoginDDT
2024-09-18 08:07:39 INFO  org.testng.internal.Utils - [TestNG] Running:
  C:\Users\mdyea\OneDrive\Desktop\Eclipse\OpencartV121\testng.xml

2024-09-18 08:07:47 INFO  testCases.TC003_LoginDDT - Starting TC_003 LoginDDT
2024-09-18 08:07:51 INFO  testCases.TC003_LoginDDT - Finished TC_003 LoginDDT
2024-09-18 08:07:51 INFO  testCases.TC003_LoginDDT - Starting TC_003 LoginDDT
2024-09-18 08:08:02 INFO  testCases.TC003_LoginDDT - Starting TC_003 LoginDDT
2024-09-18 08:08:14 INFO  testCases.TC003_LoginDDT - Finished TC_003 LoginDDT
2024-09-18 08:08:14 INFO  testCases.TC003_LoginDDT - Starting TC_003 LoginDDT
2024-09-18 08:08:26 INFO  testCases.TC003_LoginDDT - Finished TC_003 LoginDDT
2024-09-18 08:08:26 INFO  testCases.TC003_LoginDDT - Starting TC_003 LoginDDT
2024-09-18 08:08:30 INFO  testCases.TC003_LoginDDT - Finished TC_003 LoginDDT
2024-09-18 11:30:46 INFO  org.testng.internal.Utils - [TestNG] Running:
  C:\Users\mdyea\OneDrive\Desktop\Eclipse\OpencartV121\grouping.xml

2024-09-18 11:30:52 INFO  testCases.TC001_AccountRegistrationTest - ***Starting TC001 AccountRegistrationTest ***
2024-09-18 11:30:52 INFO  testCases.TC001_AccountRegistrationTest - Clicked on MyAccount link
2024-09-18 11:30:53 INFO  testCases.TC001_AccountRegistrationTest - Clicked on Register link
2024-09-18 11:30:56 INFO  testCases.TC001_AccountRegistrationTest - validating expecting message
2024-09-18 11:30:56 INFO  testCases.TC001_AccountRegistrationTest - ******TC001 Account Registratin Test FInished
2024-09-18 11:31:01 INFO  testCases.TC002_AccountLoginTest - ..........Starting TC_002 LoginTest.......
2024-09-18 11:31:04 INFO  testCases.TC002_AccountLoginTest - .........Finished TC_002 LoginTest
2024-09-18 11:32:50 INFO  org.testng.internal.Utils - [TestNG] Running:
  C:\Users\mdyea\OneDrive\Desktop\Eclipse\OpencartV121\grouping.xml

2024-09-18 11:32:56 INFO  testCases.TC001_AccountRegistrationTest - ***Starting TC001 AccountRegistrationTest ***
2024-09-18 11:32:56 INFO  testCases.TC001_AccountRegistrationTest - Clicked on MyAccount link
2024-09-18 11:32:57 INFO  testCases.TC001_AccountRegistrationTest - Clicked on Register link
2024-09-18 11:32:59 INFO  testCases.TC001_AccountRegistrationTest - validating expecting message
2024-09-18 11:32:59 INFO  testCases.TC001_AccountRegistrationTest - ******TC001 Account Registratin Test FInished
2024-09-18 11:33:05 INFO  testCases.TC002_AccountLoginTest - ..........Starting TC_002 LoginTest.......
2024-09-18 11:33:08 INFO  testCases.TC002_AccountLoginTest - .........Finished TC_002 LoginTest
2024-09-18 11:34:04 INFO  org.testng.internal.Utils - [TestNG] Running:
  C:\Users\mdyea\OneDrive\Desktop\Eclipse\OpencartV121\grouping.xml

2024-09-18 11:34:10 INFO  testCases.TC001_AccountRegistrationTest - ***Starting TC001 AccountRegistrationTest ***
2024-09-18 11:34:11 INFO  testCases.TC001_AccountRegistrationTest - Clicked on MyAccount link
2024-09-18 11:34:11 INFO  testCases.TC001_AccountRegistrationTest - Clicked on Register link
2024-09-18 11:34:14 INFO  testCases.TC001_AccountRegistrationTest - validating expecting message
2024-09-18 11:34:14 INFO  testCases.TC001_AccountRegistrationTest - ******TC001 Account Registratin Test FInished
2024-09-18 11:34:19 INFO  testCases.TC002_AccountLoginTest - ..........Starting TC_002 LoginTest.......
2024-09-18 11:34:21 INFO  testCases.TC002_AccountLoginTest - .........Finished TC_002 LoginTest
2024-09-18 11:34:50 INFO  org.testng.internal.Utils - [TestNG] Running:
  C:\Users\mdyea\OneDrive\Desktop\Eclipse\OpencartV121\grouping.xml

2024-09-18 11:34:56 INFO  testCases.TC002_AccountLoginTest - ..........Starting TC_002 LoginTest.......
2024-09-18 11:34:58 INFO  testCases.TC002_AccountLoginTest - .........Finished TC_002 LoginTest
2024-09-18 11:35:17 INFO  org.testng.internal.Utils - [TestNG] Running:
  C:\Users\mdyea\OneDrive\Desktop\Eclipse\OpencartV121\grouping.xml

2024-09-18 11:35:23 INFO  testCases.TC001_AccountRegistrationTest - ***Starting TC001 AccountRegistrationTest ***
2024-09-18 11:35:23 INFO  testCases.TC001_AccountRegistrationTest - Clicked on MyAccount link
2024-09-18 11:35:24 INFO  testCases.TC001_AccountRegistrationTest - Clicked on Register link
2024-09-18 11:35:27 INFO  testCases.TC001_AccountRegistrationTest - validating expecting message
2024-09-18 11:35:27 INFO  testCases.TC001_AccountRegistrationTest - ******TC001 Account Registratin Test FInished
2024-09-18 11:35:58 INFO  org.testng.internal.Utils - [TestNG] Running:
  C:\Users\mdyea\OneDrive\Desktop\Eclipse\OpencartV121\grouping.xml

2024-09-18 11:36:04 INFO  testCases.TC001_AccountRegistrationTest - ***Starting TC001 AccountRegistrationTest ***
2024-09-18 11:36:04 INFO  testCases.TC001_AccountRegistrationTest - Clicked on MyAccount link
2024-09-18 11:36:05 INFO  testCases.TC001_AccountRegistrationTest - Clicked on Register link
2024-09-18 11:36:08 INFO  testCases.TC001_AccountRegistrationTest - validating expecting message
2024-09-18 11:36:08 INFO  testCases.TC001_AccountRegistrationTest - ******TC001 Account Registratin Test FInished
2024-09-18 11:36:13 INFO  testCases.TC002_AccountLoginTest - ..........Starting TC_002 LoginTest.......
2024-09-18 11:36:15 INFO  testCases.TC002_AccountLoginTest - .........Finished TC_002 LoginTest
2024-09-18 11:37:13 INFO  org.testng.internal.Utils - [TestNG] Running:
  C:\Users\mdyea\OneDrive\Desktop\Eclipse\OpencartV121\grouping.xml

2024-09-18 11:37:18 INFO  testCases.TC001_AccountRegistrationTest - ***Starting TC001 AccountRegistrationTest ***
2024-09-18 11:37:18 INFO  testCases.TC001_AccountRegistrationTest - Clicked on MyAccount link
2024-09-18 11:37:19 INFO  testCases.TC001_AccountRegistrationTest - Clicked on Register link
2024-09-18 11:37:22 INFO  testCases.TC001_AccountRegistrationTest - validating expecting message
2024-09-18 11:37:22 INFO  testCases.TC001_AccountRegistrationTest - ******TC001 Account Registratin Test FInished
2024-09-18 11:37:27 INFO  testCases.TC002_AccountLoginTest - ..........Starting TC_002 LoginTest.......
2024-09-18 11:37:29 INFO  testCases.TC002_AccountLoginTest - .........Finished TC_002 LoginTest
2024-09-18 11:37:49 INFO  org.testng.internal.Utils - [TestNG] Running:
  C:\Users\mdyea\OneDrive\Desktop\Eclipse\OpencartV121\grouping.xml

2024-09-18 11:38:13 INFO  org.testng.internal.Utils - [TestNG] Running:
  C:\Users\mdyea\OneDrive\Desktop\Eclipse\OpencartV121\grouping.xml

2024-09-18 11:38:47 INFO  org.testng.internal.Utils - [TestNG] Running:
  C:\Users\mdyea\OneDrive\Desktop\Eclipse\OpencartV121\grouping.xml

2024-09-18 11:38:53 INFO  testCases.TC001_AccountRegistrationTest - ***Starting TC001 AccountRegistrationTest ***
2024-09-18 11:38:53 INFO  testCases.TC001_AccountRegistrationTest - Clicked on MyAccount link
2024-09-18 11:38:54 INFO  testCases.TC001_AccountRegistrationTest - Clicked on Register link
2024-09-18 11:38:57 INFO  testCases.TC001_AccountRegistrationTest - validating expecting message
2024-09-18 11:38:57 INFO  testCases.TC001_AccountRegistrationTest - ******TC001 Account Registratin Test FInished
2024-09-18 11:39:02 INFO  testCases.TC002_AccountLoginTest - ..........Starting TC_002 LoginTest.......
2024-09-18 11:39:04 INFO  testCases.TC002_AccountLoginTest - .........Finished TC_002 LoginTest
2024-09-18 11:50:57 INFO  org.testng.internal.Utils - [TestNG] Running:
  C:\Users\mdyea\OneDrive\Desktop\Eclipse\OpencartV121\grouping.xml

2024-09-18 11:53:20 INFO  org.testng.internal.Utils - [TestNG] Running:
  C:\Users\mdyea\OneDrive\Desktop\Eclipse\OpencartV121\grouping.xml

2024-09-18 12:00:07 INFO  org.testng.internal.Utils - [TestNG] Running:
  C:\Users\mdyea\OneDrive\Desktop\Eclipse\OpencartV121\grouping.xml

2024-09-18 12:01:00 INFO  org.testng.internal.Utils - [TestNG] Running:
  C:\Users\mdyea\OneDrive\Desktop\Eclipse\OpencartV121\grouping.xml

2024-09-18 12:05:57 INFO  org.testng.internal.Utils - [TestNG] Running:
  C:\Users\mdyea\OneDrive\Desktop\Eclipse\OpencartV121\grouping.xml

2024-09-18 12:06:58 INFO  org.testng.internal.Utils - [TestNG] Running:
  C:\Users\mdyea\OneDrive\Desktop\Eclipse\OpencartV121\grouping.xml

2024-09-18 12:07:52 INFO  org.testng.internal.Utils - [TestNG] Running:
  C:\Users\mdyea\OneDrive\Desktop\Eclipse\OpencartV121\grouping.xml

2024-09-18 12:07:58 INFO  testCases.TC001_AccountRegistrationTest - ***Starting TC001 AccountRegistrationTest ***
2024-09-18 12:07:59 INFO  testCases.TC001_AccountRegistrationTest - Clicked on MyAccount link
2024-09-18 12:07:59 INFO  testCases.TC001_AccountRegistrationTest - Clicked on Register link
2024-09-18 12:08:02 INFO  testCases.TC001_AccountRegistrationTest - validating expecting message
2024-09-18 12:08:02 INFO  testCases.TC001_AccountRegistrationTest - ******TC001 Account Registratin Test FInished
2024-09-18 12:08:06 INFO  testCases.TC002_AccountLoginTest - ..........Starting TC_002 LoginTest.......
2024-09-18 12:08:09 INFO  testCases.TC002_AccountLoginTest - .........Finished TC_002 LoginTest
2024-09-18 21:57:33 INFO  org.testng.internal.Utils - [TestNG] Running:
  C:\Users\mdyea\OneDrive\Desktop\Eclipse\OpencartV121\grouping.xml

2024-09-18 21:57:38 INFO  testCases.TC001_AccountRegistrationTest - ***Starting TC001 AccountRegistrationTest ***
2024-09-18 21:57:38 INFO  testCases.TC001_AccountRegistrationTest - Clicked on MyAccount link
2024-09-18 21:57:39 INFO  testCases.TC001_AccountRegistrationTest - Clicked on Register link
2024-09-18 21:57:41 INFO  testCases.TC001_AccountRegistrationTest - validating expecting message
2024-09-18 21:57:41 INFO  testCases.TC001_AccountRegistrationTest - ******TC001 Account Registratin Test FInished
2024-09-18 21:57:45 INFO  testCases.TC002_AccountLoginTest - ..........Starting TC_002 LoginTest.......
2024-09-18 21:57:46 INFO  testCases.TC002_AccountLoginTest - .........Finished TC_002 LoginTest
2024-09-18 22:00:18 INFO  org.testng.internal.Utils - [TestNG] Running:
  C:\Users\mdyea\OneDrive\Desktop\Eclipse\OpencartV121\grouping.xml

2024-09-18 22:00:23 INFO  testCases.TC001_AccountRegistrationTest - ***Starting TC001 AccountRegistrationTest ***
2024-09-18 22:00:23 INFO  testCases.TC001_AccountRegistrationTest - Clicked on MyAccount link
2024-09-18 22:00:24 INFO  testCases.TC001_AccountRegistrationTest - Clicked on Register link
2024-09-18 22:00:25 INFO  testCases.TC001_AccountRegistrationTest - validating expecting message
2024-09-18 22:00:26 INFO  testCases.TC001_AccountRegistrationTest - ******TC001 Account Registratin Test FInished
2024-09-18 22:00:30 INFO  testCases.TC002_AccountLoginTest - ..........Starting TC_002 LoginTest.......
2024-09-18 22:04:50 INFO  org.testng.internal.Utils - [TestNG] Running:
  C:\Users\mdyea\OneDrive\Desktop\Eclipse\OpencartV121\grouping.xml

2024-09-18 22:04:54 INFO  testCases.TC001_AccountRegistrationTest - ***Starting TC001 AccountRegistrationTest ***
2024-09-18 22:04:55 INFO  testCases.TC001_AccountRegistrationTest - Clicked on MyAccount link
2024-09-18 22:04:55 INFO  testCases.TC001_AccountRegistrationTest - Clicked on Register link
2024-09-18 22:04:58 INFO  testCases.TC001_AccountRegistrationTest - validating expecting message
2024-09-18 22:04:58 INFO  testCases.TC001_AccountRegistrationTest - ******TC001 Account Registratin Test FInished
2024-09-18 22:05:02 INFO  testCases.TC002_AccountLoginTest - ..........Starting TC_002 LoginTest.......
2024-09-18 22:07:45 INFO  org.testng.internal.Utils - [TestNG] Running:
  C:\Users\mdyea\OneDrive\Desktop\Eclipse\OpencartV121\grouping.xml

2024-09-18 22:07:50 INFO  testCases.TC001_AccountRegistrationTest - ***Starting TC001 AccountRegistrationTest ***
2024-09-18 22:07:50 INFO  testCases.TC001_AccountRegistrationTest - Clicked on MyAccount link
2024-09-18 22:07:51 INFO  testCases.TC001_AccountRegistrationTest - Clicked on Register link
2024-09-18 22:07:53 INFO  testCases.TC001_AccountRegistrationTest - validating expecting message
2024-09-18 22:07:53 INFO  testCases.TC001_AccountRegistrationTest - ******TC001 Account Registratin Test FInished
2024-09-18 22:07:57 INFO  testCases.TC002_AccountLoginTest - ..........Starting TC_002 LoginTest.......
2024-09-18 22:11:43 INFO  org.testng.internal.Utils - [TestNG] Running:
  C:\Users\mdyea\OneDrive\Desktop\Eclipse\OpencartV121\grouping.xml

2024-09-18 22:11:47 INFO  testCases.TC001_AccountRegistrationTest - ***Starting TC001 AccountRegistrationTest ***
2024-09-18 22:11:47 INFO  testCases.TC001_AccountRegistrationTest - Clicked on MyAccount link
2024-09-18 22:11:48 INFO  testCases.TC001_AccountRegistrationTest - Clicked on Register link
2024-09-18 22:11:49 INFO  testCases.TC001_AccountRegistrationTest - validating expecting message
2024-09-18 22:11:49 INFO  testCases.TC001_AccountRegistrationTest - ******TC001 Account Registratin Test FInished
2024-09-18 22:11:53 INFO  testCases.TC002_AccountLoginTest - ..........Starting TC_002 LoginTest.......
2024-09-18 22:15:03 INFO  org.testng.internal.Utils - [TestNG] Running:
  C:\Users\mdyea\OneDrive\Desktop\Eclipse\OpencartV121\grouping.xml

2024-09-18 22:15:07 INFO  testCases.TC001_AccountRegistrationTest - ***Starting TC001 AccountRegistrationTest ***
2024-09-18 22:15:07 INFO  testCases.TC001_AccountRegistrationTest - Clicked on MyAccount link
2024-09-18 22:15:08 INFO  testCases.TC001_AccountRegistrationTest - Clicked on Register link
2024-09-18 22:15:10 INFO  testCases.TC001_AccountRegistrationTest - validating expecting message
2024-09-18 22:15:10 INFO  testCases.TC001_AccountRegistrationTest - ******TC001 Account Registratin Test FInished
2024-09-18 22:15:13 INFO  testCases.TC002_AccountLoginTest - ..........Starting TC_002 LoginTest.......
2024-09-18 22:18:27 INFO  org.testng.internal.Utils - [TestNG] Running:
  C:\Users\mdyea\OneDrive\Desktop\Eclipse\OpencartV121\test-output\testng-failed.xml

2024-09-18 22:18:32 INFO  testCases.TC002_AccountLoginTest - ..........Starting TC_002 LoginTest.......
2024-09-20 16:01:03 INFO  org.testng.internal.Utils - [TestNG] Running:
  C:\Users\mdyea\OneDrive\Desktop\Eclipse\OpencartV121\master.xml

2024-09-20 16:01:11 INFO  testCases.TC003_LoginDDT - Starting TC_003 LoginDDT
2024-09-20 16:01:24 INFO  testCases.TC003_LoginDDT - Starting TC_003 LoginDDT
2024-09-20 16:01:36 INFO  testCases.TC003_LoginDDT - Finished TC_003 LoginDDT
2024-09-20 16:01:36 INFO  testCases.TC003_LoginDDT - Starting TC_003 LoginDDT
2024-09-20 16:01:48 INFO  testCases.TC003_LoginDDT - Finished TC_003 LoginDDT
2024-09-20 16:01:48 INFO  testCases.TC003_LoginDDT - Starting TC_003 LoginDDT
2024-09-20 16:02:00 INFO  testCases.TC003_LoginDDT - Finished TC_003 LoginDDT
2024-09-20 16:02:00 INFO  testCases.TC003_LoginDDT - Starting TC_003 LoginDDT
2024-09-20 16:02:04 INFO  testCases.TC003_LoginDDT - Finished TC_003 LoginDDT
2024-09-20 16:02:10 INFO  testCases.TC001_AccountRegistrationTest - ***Starting TC001 AccountRegistrationTest ***
2024-09-20 16:02:10 INFO  testCases.TC001_AccountRegistrationTest - Clicked on MyAccount link
2024-09-20 16:02:11 INFO  testCases.TC001_AccountRegistrationTest - Clicked on Register link
2024-09-20 16:02:14 INFO  testCases.TC001_AccountRegistrationTest - validating expecting message
2024-09-20 16:02:14 INFO  testCases.TC001_AccountRegistrationTest - ******TC001 Account Registratin Test FInished
2024-09-20 16:02:18 INFO  testCases.TC002_AccountLoginTest - ..........Starting TC_002 LoginTest.......
2024-09-20 16:02:20 INFO  testCases.TC002_AccountLoginTest - .........Finished TC_002 LoginTest
2024-09-20 16:02:54 INFO  org.testng.internal.Utils - [TestNG] Running:
  C:\Users\mdyea\OneDrive\Desktop\Eclipse\OpencartV121\master.xml

2024-09-20 16:04:03 INFO  org.testng.internal.Utils - [TestNG] Running:
  C:\Users\mdyea\OneDrive\Desktop\Eclipse\OpencartV121\master.xml

2024-09-20 16:04:11 INFO  testCases.TC003_LoginDDT - Starting TC_003 LoginDDT
2024-09-20 16:04:24 INFO  testCases.TC003_LoginDDT - Starting TC_003 LoginDDT
2024-09-20 16:04:35 INFO  testCases.TC003_LoginDDT - Finished TC_003 LoginDDT
2024-09-20 16:04:35 INFO  testCases.TC003_LoginDDT - Starting TC_003 LoginDDT
2024-09-20 16:04:49 INFO  testCases.TC003_LoginDDT - Finished TC_003 LoginDDT
2024-09-20 16:04:49 INFO  testCases.TC003_LoginDDT - Starting TC_003 LoginDDT
2024-09-20 16:04:49 INFO  testCases.TC003_LoginDDT - Starting TC_003 LoginDDT
2024-09-20 16:05:54 INFO  org.testng.internal.Utils - [TestNG] Running:
  C:\Users\mdyea\OneDrive\Desktop\Eclipse\OpencartV121\crossbrowsertesting.xml

2024-09-20 16:06:01 INFO  testCases.TC001_AccountRegistrationTest - ***Starting TC001 AccountRegistrationTest ***
2024-09-20 16:06:01 INFO  testCases.TC001_AccountRegistrationTest - ***Starting TC001 AccountRegistrationTest ***
2024-09-20 16:06:02 INFO  testCases.TC001_AccountRegistrationTest - Clicked on MyAccount link
2024-09-20 16:06:02 INFO  testCases.TC001_AccountRegistrationTest - Clicked on MyAccount link
2024-09-20 16:06:12 ERROR testCases.TC001_AccountRegistrationTest - Test failed...
2024-09-20 16:06:22 ERROR testCases.TC001_AccountRegistrationTest - Test failed...
2024-09-20 16:07:20 INFO  org.testng.internal.Utils - [TestNG] Running:
  C:\Users\mdyea\OneDrive\Desktop\Eclipse\OpencartV121\crossbrowsertesting.xml

2024-09-20 16:07:29 INFO  testCases.TC001_AccountRegistrationTest - ***Starting TC001 AccountRegistrationTest ***
2024-09-20 16:07:29 INFO  testCases.TC001_AccountRegistrationTest - ***Starting TC001 AccountRegistrationTest ***
2024-09-20 16:07:29 INFO  testCases.TC001_AccountRegistrationTest - Clicked on MyAccount link
2024-09-20 16:07:29 INFO  testCases.TC001_AccountRegistrationTest - Clicked on MyAccount link
2024-09-20 16:07:40 ERROR testCases.TC001_AccountRegistrationTest - Test failed...
2024-09-20 16:07:50 ERROR testCases.TC001_AccountRegistrationTest - Test failed...
2024-09-20 16:08:53 INFO  org.testng.internal.Utils - [TestNG] Running:
  C:\Users\mdyea\OneDrive\Desktop\Eclipse\OpencartV121\crossbrowsertesting.xml

2024-09-20 16:09:01 INFO  testCases.TC001_AccountRegistrationTest - ***Starting TC001 AccountRegistrationTest ***
2024-09-20 16:09:01 INFO  testCases.TC001_AccountRegistrationTest - ***Starting TC001 AccountRegistrationTest ***
2024-09-20 16:09:01 INFO  testCases.TC001_AccountRegistrationTest - Clicked on MyAccount link
2024-09-20 16:09:01 INFO  testCases.TC001_AccountRegistrationTest - Clicked on MyAccount link
2024-09-20 16:09:11 ERROR testCases.TC001_AccountRegistrationTest - Test failed...
2024-09-20 16:09:21 ERROR testCases.TC001_AccountRegistrationTest - Test failed...
2024-09-20 16:18:58 INFO  org.testng.internal.Utils - [TestNG] Running:
  C:\Users\mdyea\OneDrive\Desktop\Eclipse\OpencartV121\te1stng.xml

2024-09-20 16:19:05 INFO  testCases.TC001_AccountRegistrationTest - ***Starting TC001 AccountRegistrationTest ***
2024-09-20 16:19:05 INFO  testCases.TC001_AccountRegistrationTest - Clicked on MyAccount link
2024-09-20 16:19:06 INFO  testCases.TC001_AccountRegistrationTest - Clicked on Register link
2024-09-20 16:19:09 INFO  testCases.TC001_AccountRegistrationTest - validating expecting message
2024-09-20 16:19:09 INFO  testCases.TC001_AccountRegistrationTest - ******TC001 Account Registratin Test FInished
2024-09-20 16:21:20 INFO  org.testng.internal.Utils - [TestNG] Running:
  C:\Users\mdyea\OneDrive\Desktop\Eclipse\OpencartV121\te1stng.xml

2024-09-20 16:21:28 INFO  testCases.TC001_AccountRegistrationTest - ***Starting TC001 AccountRegistrationTest ***
2024-09-20 16:21:28 INFO  testCases.TC001_AccountRegistrationTest - Clicked on MyAccount link
2024-09-20 16:21:29 INFO  testCases.TC001_AccountRegistrationTest - Clicked on Register link
2024-09-20 16:21:32 INFO  testCases.TC001_AccountRegistrationTest - validating expecting message
2024-09-20 16:21:32 INFO  testCases.TC001_AccountRegistrationTest - ******TC001 Account Registratin Test FInished
2024-09-20 16:22:13 INFO  org.testng.internal.Utils - [TestNG] Running:
  C:\Users\mdyea\OneDrive\Desktop\Eclipse\OpencartV121\te1stng.xml

2024-09-20 16:22:19 INFO  testCases.TC001_AccountRegistrationTest - ***Starting TC001 AccountRegistrationTest ***
2024-09-20 16:22:19 INFO  testCases.TC001_AccountRegistrationTest - Clicked on MyAccount link
2024-09-20 16:22:20 INFO  testCases.TC001_AccountRegistrationTest - Clicked on Register link
2024-09-20 16:22:23 INFO  testCases.TC001_AccountRegistrationTest - validating expecting message
2024-09-20 16:22:23 INFO  testCases.TC001_AccountRegistrationTest - ******TC001 Account Registratin Test FInished
2024-09-20 16:25:13 INFO  org.testng.internal.Utils - [TestNG] Running:
  C:\Users\mdyea\OneDrive\Desktop\Eclipse\OpencartV121\te1stng.xml

2024-09-20 16:25:19 INFO  testCases.TC001_AccountRegistrationTest - ***Starting TC001 AccountRegistrationTest ***
2024-09-20 16:25:20 INFO  testCases.TC001_AccountRegistrationTest - Clicked on MyAccount link
2024-09-20 16:25:21 INFO  testCases.TC001_AccountRegistrationTest - Clicked on Register link
2024-09-20 16:25:24 INFO  testCases.TC001_AccountRegistrationTest - validating expecting message
2024-09-20 16:25:24 INFO  testCases.TC001_AccountRegistrationTest - ******TC001 Account Registratin Test FInished
2024-09-20 16:26:03 INFO  org.testng.internal.Utils - [TestNG] Running:
  C:\Users\mdyea\OneDrive\Desktop\Eclipse\OpencartV121\master.xml

2024-09-20 16:26:10 INFO  testCases.TC003_LoginDDT - Starting TC_003 LoginDDT
2024-09-20 16:26:23 INFO  testCases.TC003_LoginDDT - Starting TC_003 LoginDDT
2024-09-20 16:26:36 INFO  testCases.TC003_LoginDDT - Finished TC_003 LoginDDT
2024-09-20 16:26:36 INFO  testCases.TC003_LoginDDT - Starting TC_003 LoginDDT
2024-09-20 16:26:48 INFO  testCases.TC003_LoginDDT - Finished TC_003 LoginDDT
2024-09-20 16:26:48 INFO  testCases.TC003_LoginDDT - Starting TC_003 LoginDDT
2024-09-20 16:27:00 INFO  testCases.TC003_LoginDDT - Finished TC_003 LoginDDT
2024-09-20 16:27:00 INFO  testCases.TC003_LoginDDT - Starting TC_003 LoginDDT
2024-09-20 16:27:04 INFO  testCases.TC003_LoginDDT - Finished TC_003 LoginDDT
2024-09-20 16:27:10 INFO  testCases.TC001_AccountRegistrationTest - ***Starting TC001 AccountRegistrationTest ***
2024-09-20 16:27:10 INFO  testCases.TC001_AccountRegistrationTest - Clicked on MyAccount link
2024-09-20 16:27:11 INFO  testCases.TC001_AccountRegistrationTest - Clicked on Register link
2024-09-20 16:27:15 INFO  testCases.TC001_AccountRegistrationTest - validating expecting message
2024-09-20 16:27:15 INFO  testCases.TC001_AccountRegistrationTest - ******TC001 Account Registratin Test FInished
2024-09-20 16:27:20 INFO  testCases.TC002_AccountLoginTest - ..........Starting TC_002 LoginTest.......
2024-09-20 16:27:23 INFO  testCases.TC002_AccountLoginTest - .........Finished TC_002 LoginTest
2024-09-20 16:27:49 INFO  org.testng.internal.Utils - [TestNG] Running:
  C:\Users\mdyea\OneDrive\Desktop\Eclipse\OpencartV121\crossbrowsertesting.xml

2024-09-20 16:27:57 INFO  testCases.TC001_AccountRegistrationTest - ***Starting TC001 AccountRegistrationTest ***
2024-09-20 16:27:57 INFO  testCases.TC001_AccountRegistrationTest - ***Starting TC001 AccountRegistrationTest ***
2024-09-20 16:27:57 INFO  testCases.TC001_AccountRegistrationTest - Clicked on MyAccount link
2024-09-20 16:27:57 INFO  testCases.TC001_AccountRegistrationTest - Clicked on MyAccount link
2024-09-20 16:28:11 ERROR testCases.TC001_AccountRegistrationTest - Test failed...
2024-09-20 16:28:11 ERROR testCases.TC001_AccountRegistrationTest - Test failed...
2024-09-20 16:29:24 INFO  org.testng.internal.Utils - [TestNG] Running:
  C:\Users\mdyea\OneDrive\Desktop\Eclipse\OpencartV121\te1stng.xml

2024-09-20 16:29:31 INFO  testCases.TC001_AccountRegistrationTest - ***Starting TC001 AccountRegistrationTest ***
2024-09-20 16:29:31 INFO  testCases.TC001_AccountRegistrationTest - Clicked on MyAccount link
2024-09-20 16:29:32 INFO  testCases.TC001_AccountRegistrationTest - Clicked on Register link
2024-09-20 16:29:34 INFO  testCases.TC001_AccountRegistrationTest - validating expecting message
2024-09-20 16:29:35 INFO  testCases.TC001_AccountRegistrationTest - ******TC001 Account Registratin Test FInished
2024-09-20 16:30:09 INFO  org.testng.internal.Utils - [TestNG] Running:
  C:\Users\mdyea\OneDrive\Desktop\Eclipse\OpencartV121\te1stng.xml

2024-09-20 16:30:15 INFO  testCases.TC001_AccountRegistrationTest - ***Starting TC001 AccountRegistrationTest ***
2024-09-20 16:30:15 INFO  testCases.TC001_AccountRegistrationTest - Clicked on MyAccount link
2024-09-20 16:30:16 INFO  testCases.TC001_AccountRegistrationTest - Clicked on Register link
2024-09-20 16:30:19 INFO  testCases.TC001_AccountRegistrationTest - validating expecting message
2024-09-20 16:30:19 INFO  testCases.TC001_AccountRegistrationTest - ******TC001 Account Registratin Test FInished
2024-09-20 16:30:29 INFO  testCases.TC001_AccountRegistrationTest - ***Starting TC001 AccountRegistrationTest ***
2024-09-20 16:30:30 INFO  testCases.TC001_AccountRegistrationTest - Clicked on MyAccount link
2024-09-20 16:30:31 INFO  testCases.TC001_AccountRegistrationTest - Clicked on Register link
2024-09-20 16:30:34 INFO  testCases.TC001_AccountRegistrationTest - validating expecting message
2024-09-20 16:30:34 INFO  testCases.TC001_AccountRegistrationTest - ******TC001 Account Registratin Test FInished
2024-09-20 16:31:38 INFO  org.testng.internal.Utils - [TestNG] Running:
  C:\Users\mdyea\OneDrive\Desktop\Eclipse\OpencartV121\crossbrowsertesting.xml

2024-09-20 16:31:45 INFO  testCases.TC001_AccountRegistrationTest - ***Starting TC001 AccountRegistrationTest ***
2024-09-20 16:31:45 INFO  testCases.TC001_AccountRegistrationTest - ***Starting TC001 AccountRegistrationTest ***
2024-09-20 16:31:46 INFO  testCases.TC001_AccountRegistrationTest - Clicked on MyAccount link
2024-09-20 16:31:46 INFO  testCases.TC001_AccountRegistrationTest - Clicked on MyAccount link
2024-09-20 16:31:59 ERROR testCases.TC001_AccountRegistrationTest - Test failed...
2024-09-20 16:31:59 ERROR testCases.TC001_AccountRegistrationTest - Test failed...
2024-09-20 16:32:50 INFO  org.testng.internal.Utils - [TestNG] Running:
  C:\Users\mdyea\OneDrive\Desktop\Eclipse\OpencartV121\crossbrowsertesting.xml

2024-09-20 16:32:58 INFO  testCases.TC001_AccountRegistrationTest - ***Starting TC001 AccountRegistrationTest ***
2024-09-20 16:32:58 INFO  testCases.TC001_AccountRegistrationTest - ***Starting TC001 AccountRegistrationTest ***
2024-09-20 16:32:58 INFO  testCases.TC001_AccountRegistrationTest - Clicked on MyAccount link
2024-09-20 16:32:58 INFO  testCases.TC001_AccountRegistrationTest - Clicked on MyAccount link
2024-09-20 16:33:08 ERROR testCases.TC001_AccountRegistrationTest - Test failed...
2024-09-20 16:33:18 ERROR testCases.TC001_AccountRegistrationTest - Test failed...
2024-09-20 16:34:26 INFO  org.testng.internal.Utils - [TestNG] Running:
  C:\Users\mdyea\OneDrive\Desktop\Eclipse\OpencartV121\crossbrowsertesting.xml

2024-09-20 16:34:31 INFO  testCases.TC001_AccountRegistrationTest - ***Starting TC001 AccountRegistrationTest ***
2024-09-20 16:34:31 INFO  testCases.TC001_AccountRegistrationTest - Clicked on MyAccount link
2024-09-20 16:34:32 INFO  testCases.TC001_AccountRegistrationTest - Clicked on Register link
2024-09-20 16:34:36 INFO  testCases.TC001_AccountRegistrationTest - validating expecting message
2024-09-20 16:34:36 INFO  testCases.TC001_AccountRegistrationTest - ******TC001 Account Registratin Test FInished
2024-09-20 16:34:47 INFO  testCases.TC001_AccountRegistrationTest - ***Starting TC001 AccountRegistrationTest ***
2024-09-20 16:34:47 INFO  testCases.TC001_AccountRegistrationTest - Clicked on MyAccount link
2024-09-20 16:34:48 INFO  testCases.TC001_AccountRegistrationTest - Clicked on Register link
2024-09-20 16:34:52 INFO  testCases.TC001_AccountRegistrationTest - validating expecting message
2024-09-20 16:34:52 INFO  testCases.TC001_AccountRegistrationTest - ******TC001 Account Registratin Test FInished
2024-09-20 16:36:17 INFO  org.testng.internal.Utils - [TestNG] Running:
  C:\Users\mdyea\OneDrive\Desktop\Eclipse\OpencartV121\te1stng.xml

2024-09-20 16:36:25 INFO  testCases.TC001_AccountRegistrationTest - ***Starting TC001 AccountRegistrationTest ***
2024-09-20 16:36:25 INFO  testCases.TC001_AccountRegistrationTest - ***Starting TC001 AccountRegistrationTest ***
2024-09-20 16:36:25 INFO  testCases.TC001_AccountRegistrationTest - Clicked on MyAccount link
2024-09-20 16:36:25 INFO  testCases.TC001_AccountRegistrationTest - Clicked on MyAccount link
2024-09-20 16:36:35 ERROR testCases.TC001_AccountRegistrationTest - Test failed...
2024-09-20 16:36:41 ERROR testCases.TC001_AccountRegistrationTest - Test failed...
2024-09-20 17:15:08 INFO  org.testng.internal.Utils - [TestNG] Running:
  C:\Users\mdyea\OneDrive\Desktop\Eclipse\OpencartV121\te1stng.xml

2024-09-20 17:15:15 INFO  testCases.TC001_AccountRegistrationTest - ***Starting TC001 AccountRegistrationTest ***
2024-09-20 17:15:15 INFO  testCases.TC001_AccountRegistrationTest - ***Starting TC001 AccountRegistrationTest ***
2024-09-20 17:15:16 INFO  testCases.TC001_AccountRegistrationTest - Clicked on MyAccount link
2024-09-20 17:15:16 INFO  testCases.TC001_AccountRegistrationTest - Clicked on MyAccount link
2024-09-20 17:15:31 ERROR testCases.TC001_AccountRegistrationTest - Test failed...
2024-09-20 17:15:31 ERROR testCases.TC001_AccountRegistrationTest - Test failed...
2024-09-20 17:16:25 INFO  org.testng.internal.Utils - [TestNG] Running:
  C:\Users\mdyea\OneDrive\Desktop\Eclipse\OpencartV121\te1stng.xml

2024-09-20 17:16:29 INFO  testCases.TC001_AccountRegistrationTest - ***Starting TC001 AccountRegistrationTest ***
2024-09-20 17:16:29 INFO  testCases.TC001_AccountRegistrationTest - Clicked on MyAccount link
2024-09-20 17:16:30 INFO  testCases.TC001_AccountRegistrationTest - Clicked on Register link
2024-09-20 17:16:32 INFO  testCases.TC001_AccountRegistrationTest - validating expecting message
2024-09-20 17:16:32 INFO  testCases.TC001_AccountRegistrationTest - ******TC001 Account Registratin Test FInished
2024-09-20 17:16:41 INFO  testCases.TC001_AccountRegistrationTest - ***Starting TC001 AccountRegistrationTest ***
2024-09-20 17:16:42 INFO  testCases.TC001_AccountRegistrationTest - Clicked on MyAccount link
2024-09-20 17:16:42 INFO  testCases.TC001_AccountRegistrationTest - Clicked on Register link
2024-09-20 17:16:45 INFO  testCases.TC001_AccountRegistrationTest - validating expecting message
2024-09-20 17:16:45 INFO  testCases.TC001_AccountRegistrationTest - ******TC001 Account Registratin Test FInished
2024-09-20 17:18:56 INFO  org.testng.internal.Utils - [TestNG] Running:
  C:\Users\mdyea\OneDrive\Desktop\Eclipse\OpencartV121\crossbrowsertesting.xml

2024-09-20 17:19:02 INFO  testCases.TC001_AccountRegistrationTest - ***Starting TC001 AccountRegistrationTest ***
2024-09-20 17:19:02 INFO  testCases.TC001_AccountRegistrationTest - ***Starting TC001 AccountRegistrationTest ***
2024-09-20 17:19:02 INFO  testCases.TC001_AccountRegistrationTest - Clicked on MyAccount link
2024-09-20 17:19:02 INFO  testCases.TC001_AccountRegistrationTest - Clicked on MyAccount link
2024-09-20 17:19:12 ERROR testCases.TC001_AccountRegistrationTest - Test failed...
2024-09-20 17:19:20 ERROR testCases.TC001_AccountRegistrationTest - Test failed...
2024-09-20 17:19:53 INFO  org.testng.internal.Utils - [TestNG] Running:
  C:\Users\mdyea\OneDrive\Desktop\Eclipse\OpencartV121\te1stng.xml

2024-09-20 17:19:59 INFO  testCases.TC001_AccountRegistrationTest - ***Starting TC001 AccountRegistrationTest ***
2024-09-20 17:19:59 INFO  testCases.TC001_AccountRegistrationTest - ***Starting TC001 AccountRegistrationTest ***
2024-09-20 17:19:59 INFO  testCases.TC001_AccountRegistrationTest - Clicked on MyAccount link
2024-09-20 17:19:59 INFO  testCases.TC001_AccountRegistrationTest - Clicked on MyAccount link
2024-09-20 17:20:09 ERROR testCases.TC001_AccountRegistrationTest - Test failed...
2024-09-20 17:20:15 ERROR testCases.TC001_AccountRegistrationTest - Test failed...
2024-09-20 17:20:39 INFO  org.testng.internal.Utils - [TestNG] Running:
  C:\Users\mdyea\OneDrive\Desktop\Eclipse\OpencartV121\te1stng.xml

2024-09-20 17:20:44 INFO  testCases.TC001_AccountRegistrationTest - ***Starting TC001 AccountRegistrationTest ***
2024-09-20 17:20:44 INFO  testCases.TC001_AccountRegistrationTest - Clicked on MyAccount link
2024-09-20 17:20:45 INFO  testCases.TC001_AccountRegistrationTest - Clicked on Register link
2024-09-20 17:20:46 INFO  testCases.TC001_AccountRegistrationTest - validating expecting message
2024-09-20 17:20:46 INFO  testCases.TC001_AccountRegistrationTest - ******TC001 Account Registratin Test FInished
2024-09-20 17:20:55 INFO  testCases.TC001_AccountRegistrationTest - ***Starting TC001 AccountRegistrationTest ***
2024-09-20 17:20:55 INFO  testCases.TC001_AccountRegistrationTest - Clicked on MyAccount link
2024-09-20 17:20:56 INFO  testCases.TC001_AccountRegistrationTest - Clicked on Register link
2024-09-20 17:20:57 INFO  testCases.TC001_AccountRegistrationTest - validating expecting message
2024-09-20 17:20:57 INFO  testCases.TC001_AccountRegistrationTest - ******TC001 Account Registratin Test FInished
2024-09-20 17:22:12 INFO  org.testng.internal.Utils - [TestNG] Running:
  C:\Users\mdyea\OneDrive\Desktop\Eclipse\OpencartV121\te1stng.xml

2024-09-20 17:22:17 INFO  testCases.TC001_AccountRegistrationTest - ***Starting TC001 AccountRegistrationTest ***
2024-09-20 17:22:17 INFO  testCases.TC001_AccountRegistrationTest - ***Starting TC001 AccountRegistrationTest ***
2024-09-20 17:22:18 INFO  testCases.TC001_AccountRegistrationTest - Clicked on MyAccount link
2024-09-20 17:22:18 INFO  testCases.TC001_AccountRegistrationTest - Clicked on MyAccount link
2024-09-20 17:22:28 ERROR testCases.TC001_AccountRegistrationTest - Test failed...
2024-09-20 17:22:38 ERROR testCases.TC001_AccountRegistrationTest - Test failed...
2024-09-20 17:24:15 INFO  org.testng.internal.Utils - [TestNG] Running:
  C:\Users\mdyea\OneDrive\Desktop\Eclipse\OpencartV121\te1stng.xml

2024-09-20 17:24:21 INFO  testCases.TC001_AccountRegistrationTest - ***Starting TC001 AccountRegistrationTest ***
2024-09-20 17:24:21 INFO  testCases.TC001_AccountRegistrationTest - ***Starting TC001 AccountRegistrationTest ***
2024-09-20 17:24:21 INFO  testCases.TC001_AccountRegistrationTest - Clicked on MyAccount link
2024-09-20 17:24:21 INFO  testCases.TC001_AccountRegistrationTest - Clicked on MyAccount link
2024-09-20 17:24:32 ERROR testCases.TC001_AccountRegistrationTest - Test failed...
2024-09-20 17:24:32 ERROR testCases.TC001_AccountRegistrationTest - Test failed...
2024-09-20 17:28:17 INFO  org.testng.internal.Utils - [TestNG] Running:
  C:\Users\mdyea\OneDrive\Desktop\Eclipse\OpencartV121\te1stng.xml

2024-09-20 17:28:22 INFO  testCases.TC001_AccountRegistrationTest - ***Starting TC001 AccountRegistrationTest ***
2024-09-20 17:28:23 INFO  testCases.TC001_AccountRegistrationTest - ***Starting TC001 AccountRegistrationTest ***
2024-09-20 17:28:23 INFO  testCases.TC001_AccountRegistrationTest - Clicked on MyAccount link
2024-09-20 17:28:23 INFO  testCases.TC001_AccountRegistrationTest - Clicked on MyAccount link
2024-09-20 17:28:33 ERROR testCases.TC001_AccountRegistrationTest - Test failed...
2024-09-20 17:28:39 ERROR testCases.TC001_AccountRegistrationTest - Test failed...
2024-09-20 17:31:24 INFO  org.testng.internal.Utils - [TestNG] Running:
  C:\Users\mdyea\OneDrive\Desktop\Eclipse\OpencartV121\test2ng.xml

2024-09-20 17:31:28 INFO  testCases.TC002_AccountLoginTest - ..........Starting TC_002 LoginTest.......
2024-09-20 17:31:30 INFO  testCases.TC002_AccountLoginTest - .........Finished TC_002 LoginTest
2024-09-20 17:31:34 INFO  testCases.TC002_AccountLoginTest - ..........Starting TC_002 LoginTest.......
2024-09-20 17:31:36 INFO  testCases.TC002_AccountLoginTest - .........Finished TC_002 LoginTest
2024-09-20 17:31:57 INFO  org.testng.internal.Utils - [TestNG] Running:
  C:\Users\mdyea\OneDrive\Desktop\Eclipse\OpencartV121\test2ng.xml

2024-09-20 17:32:02 INFO  testCases.TC002_AccountLoginTest - ..........Starting TC_002 LoginTest.......
2024-09-20 17:32:04 INFO  testCases.TC002_AccountLoginTest - .........Finished TC_002 LoginTest
2024-09-20 17:32:08 INFO  testCases.TC002_AccountLoginTest - ..........Starting TC_002 LoginTest.......
2024-09-20 17:32:21 INFO  org.testng.internal.Utils - [TestNG] Running:
  C:\Users\mdyea\OneDrive\Desktop\Eclipse\OpencartV121\test2ng.xml

2024-09-20 17:32:25 INFO  testCases.TC002_AccountLoginTest - ..........Starting TC_002 LoginTest.......
2024-09-20 17:32:27 INFO  testCases.TC002_AccountLoginTest - .........Finished TC_002 LoginTest
2024-09-20 17:32:33 INFO  testCases.TC002_AccountLoginTest - ..........Starting TC_002 LoginTest.......
2024-09-20 17:32:35 INFO  testCases.TC002_AccountLoginTest - .........Finished TC_002 LoginTest
2024-09-20 17:32:54 INFO  org.testng.internal.Utils - [TestNG] Running:
  C:\Users\mdyea\OneDrive\Desktop\Eclipse\OpencartV121\test2ng.xml

2024-09-20 17:33:00 INFO  testCases.TC002_AccountLoginTest - ..........Starting TC_002 LoginTest.......
2024-09-20 17:33:00 INFO  testCases.TC002_AccountLoginTest - ..........Starting TC_002 LoginTest.......
2024-09-20 17:33:45 INFO  org.testng.internal.Utils - [TestNG] Running:
  C:\Users\mdyea\OneDrive\Desktop\Eclipse\OpencartV121\test2ng.xml

2024-09-20 17:33:50 INFO  testCases.TC002_AccountLoginTest - ..........Starting TC_002 LoginTest.......
2024-09-20 17:33:50 INFO  testCases.TC001_AccountRegistrationTest - ***Starting TC001 AccountRegistrationTest ***
2024-09-20 17:33:50 INFO  testCases.TC001_AccountRegistrationTest - Clicked on MyAccount link
2024-09-20 17:34:00 ERROR testCases.TC001_AccountRegistrationTest - Test failed...
2024-09-20 17:39:49 INFO  org.testng.internal.Utils - [TestNG] Running:
  C:\Users\mdyea\OneDrive\Desktop\Eclipse\OpencartV121\te1stng.xml

2024-09-20 17:39:55 INFO  testCases.TC001_AccountRegistrationTest - ***Starting TC001 AccountRegistrationTest ***
2024-09-20 17:39:55 INFO  testCases.TC001_AccountRegistrationTest - ***Starting TC001 AccountRegistrationTest ***
2024-09-20 17:39:55 INFO  testCases.TC001_AccountRegistrationTest - Clicked on MyAccount link
2024-09-20 17:39:56 INFO  testCases.TC001_AccountRegistrationTest - Clicked on MyAccount link
2024-09-20 17:40:06 ERROR testCases.TC001_AccountRegistrationTest - Test failed...
2024-09-20 17:40:13 ERROR testCases.TC001_AccountRegistrationTest - Test failed...
2024-09-20 17:42:23 INFO  org.testng.internal.Utils - [TestNG] Running:
  C:\Users\mdyea\OneDrive\Desktop\Eclipse\OpencartV121\te1stng.xml

2024-09-20 17:42:29 INFO  testCases.TC001_AccountRegistrationTest - ***Starting TC001 AccountRegistrationTest ***
2024-09-20 17:42:29 INFO  testCases.TC001_AccountRegistrationTest - ***Starting TC001 AccountRegistrationTest ***
2024-09-20 17:42:29 INFO  testCases.TC001_AccountRegistrationTest - Clicked on MyAccount link
2024-09-20 17:42:29 INFO  testCases.TC001_AccountRegistrationTest - Clicked on MyAccount link
2024-09-20 17:42:39 ERROR testCases.TC001_AccountRegistrationTest - Test failed...
2024-09-20 17:42:50 ERROR testCases.TC001_AccountRegistrationTest - Test failed...
2024-09-20 20:20:54 INFO  org.testng.internal.Utils - [TestNG] Running:
  C:\Users\mdyea\OneDrive\Desktop\Eclipse\OpencartV121\te1stng.xml

2024-09-20 20:20:54 INFO  testCases.TC001_AccountRegistrationTest - Initializing the driver
2024-09-20 20:20:54 INFO  testCases.TC001_AccountRegistrationTest - Initializing the driver
2024-09-20 20:20:56 INFO  testCases.TC001_AccountRegistrationTest - opening the url
2024-09-20 20:20:58 INFO  testCases.TC001_AccountRegistrationTest - opening the url
2024-09-20 20:22:12 INFO  org.testng.internal.Utils - [TestNG] Running:
  C:\Users\mdyea\OneDrive\Desktop\Eclipse\OpencartV121\te1stng.xml

2024-09-20 20:22:12 INFO  testCases.TC001_AccountRegistrationTest - Initializing the driver
2024-09-20 20:22:12 INFO  testCases.TC001_AccountRegistrationTest - Initializing the driver
2024-09-20 20:22:14 INFO  testCases.TC001_AccountRegistrationTest - opening the url
2024-09-20 20:22:15 INFO  testCases.TC001_AccountRegistrationTest - opening the url
2024-09-20 20:24:15 INFO  org.testng.internal.Utils - [TestNG] Running:
  C:\Users\mdyea\OneDrive\Desktop\Eclipse\OpencartV121\te1stng.xml

2024-09-20 20:24:15 INFO  testCases.TC002_AccountLoginTest - Initializing the driver
2024-09-20 20:24:15 INFO  testCases.TC002_AccountLoginTest - Initializing the driver
2024-09-20 20:24:16 INFO  testCases.TC002_AccountLoginTest - opening the url
2024-09-20 20:24:18 INFO  testCases.TC002_AccountLoginTest - opening the url
2024-09-20 20:26:04 INFO  org.testng.internal.Utils - [TestNG] Running:
  C:\Users\mdyea\OneDrive\Desktop\Eclipse\OpencartV121\te1stng.xml

2024-09-20 20:26:04 INFO  testCases.TC002_AccountLoginTest - Initializing the driver
2024-09-20 20:26:06 INFO  testCases.TC002_AccountLoginTest - opening the url
2024-09-20 20:26:06 INFO  testCases.TC002_AccountLoginTest - Initializing the driver
2024-09-20 20:26:09 INFO  testCases.TC002_AccountLoginTest - opening the url
2024-09-20 20:28:31 INFO  org.testng.internal.Utils - [TestNG] Running:
  C:\Users\mdyea\OneDrive\Desktop\Eclipse\OpencartV121\test2ng.xml

2024-09-20 20:28:31 INFO  testCases.TC002_AccountLoginTest - Initializing the driver
2024-09-20 20:28:31 INFO  testCases.TC002_AccountLoginTest - Initializing the driver
2024-09-20 20:28:32 INFO  testCases.TC002_AccountLoginTest - opening the url
2024-09-20 20:28:34 INFO  testCases.TC002_AccountLoginTest - opening the url
2024-09-21 07:57:03 INFO  org.testng.internal.Utils - [TestNG] Running:
  C:\Users\mdyea\OneDrive\Desktop\Eclipse\OpencartV121\te1stng.xml

2024-09-21 07:57:28 INFO  org.testng.internal.Utils - [TestNG] Running:
  C:\Users\mdyea\OneDrive\Desktop\Eclipse\OpencartV121\te1stng.xml

2024-09-21 08:00:16 INFO  org.testng.internal.Utils - [TestNG] Running:
  C:\Users\mdyea\OneDrive\Desktop\Eclipse\OpencartV121\te1stng.xml

2024-09-21 08:14:59 INFO  org.testng.internal.Utils - [TestNG] Running:
  C:\Users\mdyea\OneDrive\Desktop\Eclipse\OpencartV121\te1stng.xml

2024-09-21 08:15:37 INFO  org.testng.internal.Utils - [TestNG] Running:
  C:\Users\mdyea\OneDrive\Desktop\Eclipse\OpencartV121\te1stng.xml

2024-09-21 08:19:34 INFO  org.testng.internal.Utils - [TestNG] Running:
  C:\Users\mdyea\OneDrive\Desktop\Eclipse\OpencartV121\ftestng.xml

2024-09-21 08:21:36 INFO  org.testng.internal.Utils - [TestNG] Running:
  C:\Users\mdyea\OneDrive\Desktop\Eclipse\OpencartV121\ftestng.xml

2024-09-21 08:23:19 INFO  org.testng.internal.Utils - [TestNG] Running:
  C:\Users\mdyea\OneDrive\Desktop\Eclipse\OpencartV121\ftestng.xml

2024-09-21 08:24:28 INFO  org.testng.internal.Utils - [TestNG] Running:
  C:\Users\mdyea\OneDrive\Desktop\Eclipse\OpencartV121\ftestng.xml

2024-09-21 08:24:57 INFO  org.testng.internal.Utils - [TestNG] Running:
  C:\Users\mdyea\OneDrive\Desktop\Eclipse\OpencartV121\master.xml

2024-09-21 08:25:19 INFO  org.testng.internal.Utils - [TestNG] Running:
  C:\Users\mdyea\OneDrive\Desktop\Eclipse\OpencartV121\te1stng.xml

2024-09-21 08:26:50 INFO  org.testng.internal.Utils - [TestNG] Running:
  C:\Users\mdyea\OneDrive\Desktop\Eclipse\OpencartV121\te1stng.xml

2024-09-21 08:27:20 INFO  org.testng.internal.Utils - [TestNG] Running:
  C:\Users\mdyea\OneDrive\Desktop\Eclipse\OpencartV121\te1stng.xml

2024-09-21 08:27:58 INFO  org.testng.internal.Utils - [TestNG] Running:
  C:\Users\mdyea\OneDrive\Desktop\Eclipse\OpencartV121\te1stng.xml

2024-09-21 08:29:51 INFO  org.testng.internal.Utils - [TestNG] Running:
  C:\Users\mdyea\OneDrive\Desktop\Eclipse\OpencartV121\te1stng.xml

2024-09-21 08:31:05 INFO  org.testng.internal.Utils - [TestNG] Running:
  C:\Users\mdyea\OneDrive\Desktop\Eclipse\OpencartV121\te1stng.xml

2024-09-21 08:32:25 INFO  org.testng.internal.Utils - [TestNG] Running:
  C:\Users\mdyea\OneDrive\Desktop\Eclipse\OpencartV121\te1stng.xml

2024-09-21 08:53:21 INFO  org.testng.internal.Utils - [TestNG] Running:
  C:\Users\mdyea\OneDrive\Desktop\Eclipse\OpencartV121\te1stng.xml

